<?xml version="1.0" encoding="UTF-8"?>
<!-- Generated by org.testng.reporters.JUnitXMLReporter -->
<testsuite hostname="Siv-Laptop" name="Test 1" tests="3" failures="1" timestamp="18 Jun 2017 16:38:46 GMT" time="5.071" errors="0">
  <testcase name="check" time="5.033" classname="basicTests.FirstClass"/>
  <testcase name="simpleTestFail" time="0.005" classname="basicTests.FirstClass">
    <failure type="java.lang.AssertionError" message="expected [false] but found [true]">
      <![CDATA[java.lang.AssertionError: expected [false] but found [true]
	at enhancements.AssertLogger.AssertFalse(AssertLogger.java:26)
	at basicTests.FirstClass.simpleTestFail(FirstClass.java:46)
	at org.apache.maven.surefire.testng.TestNGExecutor.run(TestNGExecutor.java:295)
	at org.apache.maven.surefire.testng.TestNGXmlTestSuite.execute(TestNGXmlTestSuite.java:84)
	at org.apache.maven.surefire.testng.TestNGProvider.invoke(TestNGProvider.java:90)
	at org.apache.maven.surefire.booter.ForkedBooter.invokeProviderInSameClassLoader(ForkedBooter.java:203)
	at org.apache.maven.surefire.booter.ForkedBooter.runSuitesInProcess(ForkedBooter.java:155)
	at org.apache.maven.surefire.booter.ForkedBooter.main(ForkedBooter.java:103)
... Removed 25 stack frames]]>
    </failure>
  </testcase> <!-- simpleTestFail -->
  <testcase name="simpleTestTrue" time="0.001" classname="basicTests.FirstClass"/>
</testsuite> <!-- Test 1 -->
