<?xml version="1.0" encoding="UTF-8"?>
<!-- Generated by org.testng.reporters.JUnitXMLReporter -->
<testsuite hostname="Siv-Laptop" name="Test 1" tests="3" failures="0" timestamp="25 Aug 2017 15:41:05 GMT" time="22.339" errors="0">
  <testcase name="navigateToHomePageTest" time="0.332" classname="basicTests.ExtractPDFDataTest"/>
  <testcase name="checkPDFPageTest" time="2.334" classname="basicTests.ExtractPDFDataTest"/>
  <testcase name="extractPDFTextDataTest" time="9.567" classname="basicTests.ExtractPDFDataTest"/>
</testsuite> <!-- Test 1 -->
