<?xml version="1.0" encoding="UTF-8"?>
<testng-results skipped="0" failed="0" total="2" passed="2">
  <reporter-output>
  </reporter-output>
  <suite name="Suite 1" duration-ms="19487" started-at="2017-06-26T11:54:08Z" finished-at="2017-06-26T11:54:27Z">
    <groups>
    </groups>
    <test name="Test 1" duration-ms="19487" started-at="2017-06-26T11:54:08Z" finished-at="2017-06-26T11:54:27Z">
      <class name="basicTests.FirstClass">
        <test-method status="PASS" signature="startWebDriver(java.lang.String, java.lang.String)[pri:0, instance:basicTests.FirstClass@8af1c49]" name="startWebDriver" is-config="true" duration-ms="4141" started-at="2017-06-26T17:24:04Z" finished-at="2017-06-26T17:24:08Z">
          <params>
            <param index="0">
              <value>
                <![CDATA[false]]>
              </value>
            </param>
            <param index="1">
              <value>
                <![CDATA[edge]]>
              </value>
            </param>
          </params>
          <reporter-output>
          </reporter-output>
        </test-method> <!-- startWebDriver -->
        <test-method status="PASS" signature="startClass()[pri:0, instance:basicTests.FirstClass@8af1c49]" name="startClass" is-config="true" duration-ms="0" started-at="2017-06-26T17:24:08Z" finished-at="2017-06-26T17:24:08Z">
          <reporter-output>
          </reporter-output>
        </test-method> <!-- startClass -->
        <test-method status="PASS" signature="check()[pri:0, instance:basicTests.FirstClass@8af1c49]" name="check" duration-ms="19159" started-at="2017-06-26T17:24:08Z" finished-at="2017-06-26T17:24:27Z">
          <reporter-output>
          </reporter-output>
        </test-method> <!-- check -->
        <test-method status="PASS" signature="simpleTestTrue()[pri:0, instance:basicTests.FirstClass@8af1c49]" name="simpleTestTrue" duration-ms="16" started-at="2017-06-26T17:24:27Z" finished-at="2017-06-26T17:24:27Z">
          <reporter-output>
          </reporter-output>
        </test-method> <!-- simpleTestTrue -->
        <test-method status="PASS" signature="endClass()[pri:0, instance:basicTests.FirstClass@8af1c49]" name="endClass" is-config="true" duration-ms="0" started-at="2017-06-26T17:24:27Z" finished-at="2017-06-26T17:24:27Z">
          <reporter-output>
          </reporter-output>
        </test-method> <!-- endClass -->
        <test-method status="PASS" signature="closeBrowser()[pri:0, instance:basicTests.FirstClass@8af1c49]" name="closeBrowser" is-config="true" duration-ms="2250" started-at="2017-06-26T17:24:28Z" finished-at="2017-06-26T17:24:30Z">
          <reporter-output>
          </reporter-output>
        </test-method> <!-- closeBrowser -->
      </class> <!-- basicTests.FirstClass -->
    </test> <!-- Test 1 -->
  </suite> <!-- Suite 1 -->
</testng-results>
